oct. 29, 2023 12:18:55 A. M. co.edu.uniquindio.agenciaViajes.model.AgenciaViajes <init>
INFO: Se crea una nueva instancia de AgenciaViajes
oct. 29, 2023 12:34:26 A. M. co.edu.uniquindio.agenciaViajes.model.AgenciaViajes <init>
INFO: Se crea una nueva instancia de AgenciaViajes
oct. 29, 2023 12:38:03 A. M. co.edu.uniquindio.agenciaViajes.model.AgenciaViajes <init>
INFO: Se crea una nueva instancia de AgenciaViajes
oct. 29, 2023 12:43:40 A. M. co.edu.uniquindio.agenciaViajes.model.AgenciaViajes <init>
INFO: Se crea una nueva instancia de AgenciaViajes
oct. 29, 2023 12:44:42 A. M. co.edu.uniquindio.agenciaViajes.model.AgenciaViajes <init>
INFO: Se crea una nueva instancia de AgenciaViajes
oct. 29, 2023 12:45:57 A. M. co.edu.uniquindio.agenciaViajes.model.AgenciaViajes <init>
INFO: Se crea una nueva instancia de AgenciaViajes
oct. 29, 2023 12:47:18 A. M. co.edu.uniquindio.agenciaViajes.model.AgenciaViajes <init>
INFO: Se crea una nueva instancia de AgenciaViajes
oct. 29, 2023 1:20:08 A. M. co.edu.uniquindio.agenciaViajes.model.AgenciaViajes <init>
INFO: Se crea una nueva instancia de AgenciaViajes
oct. 29, 2023 11:31:00 A. M. co.edu.uniquindio.agenciaViajes.model.AgenciaViajes <init>
INFO: Se crea una nueva instancia de AgenciaViajes
oct. 29, 2023 12:06:45 P. M. co.edu.uniquindio.agenciaViajes.model.AgenciaViajes <init>
INFO: Se crea una nueva instancia de AgenciaViajes
oct. 29, 2023 12:14:18 P. M. co.edu.uniquindio.agenciaViajes.model.AgenciaViajes <init>
INFO: Se crea una nueva instancia de AgenciaViajes
oct. 29, 2023 12:17:59 P. M. co.edu.uniquindio.agenciaViajes.model.AgenciaViajes <init>
INFO: Se crea una nueva instancia de AgenciaViajes
oct. 29, 2023 12:20:47 P. M. co.edu.uniquindio.agenciaViajes.model.AgenciaViajes <init>
INFO: Se crea una nueva instancia de AgenciaViajes
oct. 29, 2023 12:23:14 P. M. co.edu.uniquindio.agenciaViajes.model.AgenciaViajes <init>
INFO: Se crea una nueva instancia de AgenciaViajes
oct. 29, 2023 12:24:19 P. M. co.edu.uniquindio.agenciaViajes.model.AgenciaViajes <init>
INFO: Se crea una nueva instancia de AgenciaViajes
oct. 29, 2023 5:53:47 P. M. co.edu.uniquindio.agenciaViajes.model.AgenciaViajes <init>
INFO: Se crea una nueva instancia de AgenciaViajes
oct. 29, 2023 6:18:28 P. M. co.edu.uniquindio.agenciaViajes.model.AgenciaViajes <init>
INFO: Se crea una nueva instancia de AgenciaViajes
oct. 29, 2023 6:32:57 P. M. co.edu.uniquindio.agenciaViajes.model.AgenciaViajes <init>
INFO: Se crea una nueva instancia de AgenciaViajes
oct. 29, 2023 6:36:13 P. M. co.edu.uniquindio.agenciaViajes.model.AgenciaViajes <init>
INFO: Se crea una nueva instancia de AgenciaViajes
oct. 29, 2023 6:37:08 P. M. co.edu.uniquindio.agenciaViajes.model.AgenciaViajes <init>
INFO: Se crea una nueva instancia de AgenciaViajes
oct. 29, 2023 6:38:37 P. M. co.edu.uniquindio.agenciaViajes.model.AgenciaViajes <init>
INFO: Se crea una nueva instancia de AgenciaViajes
oct. 29, 2023 6:39:49 P. M. co.edu.uniquindio.agenciaViajes.model.AgenciaViajes <init>
INFO: Se crea una nueva instancia de AgenciaViajes
oct. 29, 2023 6:43:17 P. M. co.edu.uniquindio.agenciaViajes.model.AgenciaViajes <init>
INFO: Se crea una nueva instancia de AgenciaViajes
oct. 29, 2023 7:10:18 P. M. co.edu.uniquindio.agenciaViajes.model.AgenciaViajes <init>
INFO: Se crea una nueva instancia de AgenciaViajes
oct. 29, 2023 7:11:59 P. M. co.edu.uniquindio.agenciaViajes.model.AgenciaViajes <init>
INFO: Se crea una nueva instancia de AgenciaViajes
oct. 29, 2023 7:13:25 P. M. co.edu.uniquindio.agenciaViajes.model.AgenciaViajes <init>
INFO: Se crea una nueva instancia de AgenciaViajes
oct. 29, 2023 7:15:41 P. M. co.edu.uniquindio.agenciaViajes.model.AgenciaViajes <init>
INFO: Se crea una nueva instancia de AgenciaViajes
oct. 29, 2023 7:17:44 P. M. co.edu.uniquindio.agenciaViajes.model.AgenciaViajes <init>
INFO: Se crea una nueva instancia de AgenciaViajes
oct. 29, 2023 7:18:36 P. M. co.edu.uniquindio.agenciaViajes.model.AgenciaViajes <init>
INFO: Se crea una nueva instancia de AgenciaViajes
oct. 29, 2023 7:19:33 P. M. co.edu.uniquindio.agenciaViajes.model.AgenciaViajes <init>
INFO: Se crea una nueva instancia de AgenciaViajes
oct. 29, 2023 7:42:04 P. M. co.edu.uniquindio.agenciaViajes.model.AgenciaViajes <init>
INFO: Se crea una nueva instancia de AgenciaViajes
oct. 30, 2023 1:42:08 A. M. co.edu.uniquindio.agenciaViajes.model.AgenciaViajes <init>
INFO: Se crea una nueva instancia de AgenciaViajes
nov. 01, 2023 5:34:46 P. M. co.edu.uniquindio.agenciaViajes.model.AgenciaViajes <init>
INFO: Se crea una nueva instancia de AgenciaViajes
nov. 01, 2023 10:23:47 P. M. co.edu.uniquindio.agenciaViajes.model.AgenciaViajes <init>
INFO: Se crea una nueva instancia de AgenciaViajes
nov. 03, 2023 12:51:51 P. M. co.edu.uniquindio.agenciaViajes.model.AgenciaViajes <init>
INFO: Se crea una nueva instancia de AgenciaViajes
nov. 03, 2023 12:53:47 P. M. co.edu.uniquindio.agenciaViajes.model.AgenciaViajes <init>
INFO: Se crea una nueva instancia de AgenciaViajes
nov. 03, 2023 12:54:10 P. M. co.edu.uniquindio.agenciaViajes.model.AgenciaViajes <init>
INFO: Se crea una nueva instancia de AgenciaViajes
nov. 03, 2023 12:55:48 P. M. co.edu.uniquindio.agenciaViajes.model.AgenciaViajes <init>
INFO: Se crea una nueva instancia de AgenciaViajes
nov. 03, 2023 12:58:13 P. M. co.edu.uniquindio.agenciaViajes.model.AgenciaViajes <init>
INFO: Se crea una nueva instancia de AgenciaViajes
nov. 03, 2023 12:59:04 P. M. co.edu.uniquindio.agenciaViajes.model.AgenciaViajes <init>
INFO: Se crea una nueva instancia de AgenciaViajes
nov. 03, 2023 1:01:59 P. M. co.edu.uniquindio.agenciaViajes.model.AgenciaViajes <init>
INFO: Se crea una nueva instancia de AgenciaViajes
nov. 03, 2023 1:03:26 P. M. co.edu.uniquindio.agenciaViajes.model.AgenciaViajes <init>
INFO: Se crea una nueva instancia de AgenciaViajes
nov. 03, 2023 1:12:18 P. M. co.edu.uniquindio.agenciaViajes.model.AgenciaViajes <init>
INFO: Se crea una nueva instancia de AgenciaViajes
nov. 03, 2023 1:13:58 P. M. co.edu.uniquindio.agenciaViajes.model.AgenciaViajes <init>
INFO: Se crea una nueva instancia de AgenciaViajes
nov. 03, 2023 1:15:46 P. M. co.edu.uniquindio.agenciaViajes.model.AgenciaViajes <init>
INFO: Se crea una nueva instancia de AgenciaViajes
nov. 03, 2023 1:18:01 P. M. co.edu.uniquindio.agenciaViajes.model.AgenciaViajes <init>
INFO: Se crea una nueva instancia de AgenciaViajes
nov. 03, 2023 1:21:46 P. M. co.edu.uniquindio.agenciaViajes.model.AgenciaViajes <init>
INFO: Se crea una nueva instancia de AgenciaViajes
nov. 03, 2023 1:46:50 P. M. co.edu.uniquindio.agenciaViajes.model.AgenciaViajes <init>
INFO: Se crea una nueva instancia de AgenciaViajes
nov. 03, 2023 1:53:05 P. M. co.edu.uniquindio.agenciaViajes.model.AgenciaViajes <init>
INFO: Se crea una nueva instancia de AgenciaViajes
nov. 03, 2023 2:00:07 P. M. co.edu.uniquindio.agenciaViajes.model.AgenciaViajes <init>
INFO: Se crea una nueva instancia de AgenciaViajes
nov. 03, 2023 2:26:23 P. M. co.edu.uniquindio.agenciaViajes.model.AgenciaViajes <init>
INFO: Se crea una nueva instancia de AgenciaViajes
nov. 03, 2023 2:27:37 P. M. co.edu.uniquindio.agenciaViajes.model.AgenciaViajes <init>
INFO: Se crea una nueva instancia de AgenciaViajes
nov. 03, 2023 2:29:20 P. M. co.edu.uniquindio.agenciaViajes.model.AgenciaViajes <init>
INFO: Se crea una nueva instancia de AgenciaViajes
nov. 03, 2023 3:25:04 P. M. co.edu.uniquindio.agenciaViajes.model.AgenciaViajes <init>
INFO: Se crea una nueva instancia de AgenciaViajes
nov. 03, 2023 3:26:01 P. M. co.edu.uniquindio.agenciaViajes.model.AgenciaViajes <init>
INFO: Se crea una nueva instancia de AgenciaViajes
nov. 03, 2023 7:39:15 P. M. co.edu.uniquindio.agenciaViajes.model.AgenciaViajes <init>
INFO: Se crea una nueva instancia de AgenciaViajes
nov. 03, 2023 7:39:53 P. M. co.edu.uniquindio.agenciaViajes.model.AgenciaViajes <init>
INFO: Se crea una nueva instancia de AgenciaViajes
nov. 03, 2023 7:52:43 P. M. co.edu.uniquindio.agenciaViajes.model.AgenciaViajes <init>
INFO: Se crea una nueva instancia de AgenciaViajes
nov. 03, 2023 7:53:35 P. M. co.edu.uniquindio.agenciaViajes.model.AgenciaViajes <init>
INFO: Se crea una nueva instancia de AgenciaViajes
nov. 03, 2023 8:47:55 P. M. co.edu.uniquindio.agenciaViajes.model.AgenciaViajes <init>
INFO: Se crea una nueva instancia de AgenciaViajes
nov. 03, 2023 8:54:52 P. M. co.edu.uniquindio.agenciaViajes.model.AgenciaViajes <init>
INFO: Se crea una nueva instancia de AgenciaViajes
nov. 03, 2023 9:12:20 P. M. co.edu.uniquindio.agenciaViajes.model.AgenciaViajes <init>
INFO: Se crea una nueva instancia de AgenciaViajes
nov. 03, 2023 9:17:01 P. M. co.edu.uniquindio.agenciaViajes.model.AgenciaViajes <init>
INFO: Se crea una nueva instancia de AgenciaViajes
nov. 03, 2023 9:20:10 P. M. co.edu.uniquindio.agenciaViajes.model.AgenciaViajes <init>
INFO: Se crea una nueva instancia de AgenciaViajes
nov. 03, 2023 9:20:48 P. M. co.edu.uniquindio.agenciaViajes.model.AgenciaViajes <init>
INFO: Se crea una nueva instancia de AgenciaViajes
nov. 03, 2023 10:19:43 P. M. co.edu.uniquindio.agenciaViajes.model.AgenciaViajes <init>
INFO: Se crea una nueva instancia de AgenciaViajes
nov. 04, 2023 12:08:20 A. M. co.edu.uniquindio.agenciaViajes.model.AgenciaViajes <init>
INFO: Se crea una nueva instancia de AgenciaViajes
nov. 04, 2023 12:10:27 A. M. co.edu.uniquindio.agenciaViajes.model.AgenciaViajes <init>
INFO: Se crea una nueva instancia de AgenciaViajes
nov. 04, 2023 12:12:43 A. M. co.edu.uniquindio.agenciaViajes.model.AgenciaViajes registrarCliente
INFO: Se ha registrado un nuevo cliente con la cédula: 476299
nov. 04, 2023 12:37:48 A. M. co.edu.uniquindio.agenciaViajes.model.AgenciaViajes <init>
INFO: Se crea una nueva instancia de AgenciaViajes
nov. 04, 2023 12:40:07 A. M. co.edu.uniquindio.agenciaViajes.model.AgenciaViajes <init>
INFO: Se crea una nueva instancia de AgenciaViajes
nov. 04, 2023 12:43:17 A. M. co.edu.uniquindio.agenciaViajes.model.AgenciaViajes <init>
INFO: Se crea una nueva instancia de AgenciaViajes
nov. 04, 2023 12:28:11 P. M. co.edu.uniquindio.agenciaViajes.model.AgenciaViajes <init>
INFO: Se crea una nueva instancia de AgenciaViajes
nov. 04, 2023 12:30:17 P. M. co.edu.uniquindio.agenciaViajes.model.AgenciaViajes <init>
INFO: Se crea una nueva instancia de AgenciaViajes
nov. 04, 2023 12:36:24 P. M. co.edu.uniquindio.agenciaViajes.model.AgenciaViajes <init>
INFO: Se crea una nueva instancia de AgenciaViajes
nov. 04, 2023 12:40:22 P. M. co.edu.uniquindio.agenciaViajes.model.AgenciaViajes <init>
INFO: Se crea una nueva instancia de AgenciaViajes
nov. 04, 2023 1:34:13 P. M. co.edu.uniquindio.agenciaViajes.model.AgenciaViajes <init>
INFO: Se crea una nueva instancia de AgenciaViajes
nov. 04, 2023 2:08:44 P. M. co.edu.uniquindio.agenciaViajes.model.AgenciaViajes <init>
INFO: Se crea una nueva instancia de AgenciaViajes
nov. 04, 2023 2:11:21 P. M. co.edu.uniquindio.agenciaViajes.model.AgenciaViajes <init>
INFO: Se crea una nueva instancia de AgenciaViajes
nov. 04, 2023 2:14:39 P. M. co.edu.uniquindio.agenciaViajes.model.AgenciaViajes <init>
INFO: Se crea una nueva instancia de AgenciaViajes
nov. 04, 2023 2:14:56 P. M. co.edu.uniquindio.agenciaViajes.model.AgenciaViajes <init>
INFO: Se crea una nueva instancia de AgenciaViajes
nov. 04, 2023 4:53:04 P. M. co.edu.uniquindio.agenciaViajes.model.AgenciaViajes <init>
INFO: Se crea una nueva instancia de AgenciaViajes
nov. 04, 2023 5:21:15 P. M. co.edu.uniquindio.agenciaViajes.model.AgenciaViajes <init>
INFO: Se crea una nueva instancia de AgenciaViajes
nov. 04, 2023 5:22:57 P. M. co.edu.uniquindio.agenciaViajes.model.AgenciaViajes <init>
INFO: Se crea una nueva instancia de AgenciaViajes
nov. 04, 2023 5:24:37 P. M. co.edu.uniquindio.agenciaViajes.model.AgenciaViajes <init>
INFO: Se crea una nueva instancia de AgenciaViajes
nov. 04, 2023 5:26:21 P. M. co.edu.uniquindio.agenciaViajes.model.AgenciaViajes <init>
INFO: Se crea una nueva instancia de AgenciaViajes
nov. 04, 2023 6:08:42 P. M. co.edu.uniquindio.agenciaViajes.model.AgenciaViajes <init>
INFO: Se crea una nueva instancia de AgenciaViajes
nov. 04, 2023 7:11:03 P. M. co.edu.uniquindio.agenciaViajes.model.AgenciaViajes <init>
INFO: Se crea una nueva instancia de AgenciaViajes
nov. 04, 2023 7:12:36 P. M. co.edu.uniquindio.agenciaViajes.model.AgenciaViajes <init>
INFO: Se crea una nueva instancia de AgenciaViajes
nov. 04, 2023 7:23:33 P. M. co.edu.uniquindio.agenciaViajes.model.AgenciaViajes <init>
INFO: Se crea una nueva instancia de AgenciaViajes
nov. 04, 2023 7:27:55 P. M. co.edu.uniquindio.agenciaViajes.model.AgenciaViajes <init>
INFO: Se crea una nueva instancia de AgenciaViajes
nov. 05, 2023 12:17:34 A. M. co.edu.uniquindio.agenciaViajes.model.AgenciaViajes <init>
INFO: Se crea una nueva instancia de AgenciaViajes
nov. 05, 2023 12:34:40 A. M. co.edu.uniquindio.agenciaViajes.model.AgenciaViajes <init>
INFO: Se crea una nueva instancia de AgenciaViajes
nov. 05, 2023 1:23:47 A. M. co.edu.uniquindio.agenciaViajes.model.AgenciaViajes <init>
INFO: Se crea una nueva instancia de AgenciaViajes
nov. 05, 2023 1:51:57 A. M. co.edu.uniquindio.agenciaViajes.model.AgenciaViajes <init>
INFO: Se crea una nueva instancia de AgenciaViajes
nov. 05, 2023 4:09:13 P. M. co.edu.uniquindio.agenciaViajes.model.AgenciaViajes <init>
INFO: Se crea una nueva instancia de AgenciaViajes
nov. 05, 2023 6:00:05 P. M. co.edu.uniquindio.agenciaViajes.model.AgenciaViajes <init>
INFO: Se crea una nueva instancia de AgenciaViajes
nov. 05, 2023 6:01:40 P. M. co.edu.uniquindio.agenciaViajes.model.AgenciaViajes <init>
INFO: Se crea una nueva instancia de AgenciaViajes
nov. 05, 2023 6:02:11 P. M. co.edu.uniquindio.agenciaViajes.model.AgenciaViajes registrarCliente
INFO: Se ha registrado un nuevo cliente con la cédula: 476299
nov. 05, 2023 6:05:11 P. M. co.edu.uniquindio.agenciaViajes.model.AgenciaViajes <init>
INFO: Se crea una nueva instancia de AgenciaViajes
nov. 05, 2023 6:05:49 P. M. co.edu.uniquindio.agenciaViajes.model.AgenciaViajes registrarCliente
INFO: Se ha registrado un nuevo cliente con la cédula: 476299
nov. 05, 2023 6:12:33 P. M. co.edu.uniquindio.agenciaViajes.model.AgenciaViajes <init>
INFO: Se crea una nueva instancia de AgenciaViajes
nov. 05, 2023 6:13:00 P. M. co.edu.uniquindio.agenciaViajes.model.AgenciaViajes registrarCliente
INFO: Se ha registrado un nuevo cliente con la cédula: 476299
nov. 05, 2023 6:18:22 P. M. co.edu.uniquindio.agenciaViajes.model.AgenciaViajes <init>
INFO: Se crea una nueva instancia de AgenciaViajes
nov. 05, 2023 6:19:02 P. M. co.edu.uniquindio.agenciaViajes.model.AgenciaViajes registrarCliente
INFO: Se ha registrado un nuevo cliente con la cédula: 476299
nov. 05, 2023 6:19:26 P. M. co.edu.uniquindio.agenciaViajes.model.AgenciaViajes <init>
INFO: Se crea una nueva instancia de AgenciaViajes
nov. 05, 2023 6:19:27 P. M. co.edu.uniquindio.agenciaViajes.model.AgenciaViajes registrarCliente
INFO: Se ha registrado un nuevo cliente con la cédula: 476299
nov. 05, 2023 6:21:38 P. M. co.edu.uniquindio.agenciaViajes.model.AgenciaViajes <init>
INFO: Se crea una nueva instancia de AgenciaViajes
nov. 05, 2023 6:21:40 P. M. co.edu.uniquindio.agenciaViajes.model.AgenciaViajes registrarCliente
INFO: Se ha registrado un nuevo cliente con la cédula: 476299
nov. 05, 2023 6:43:30 P. M. co.edu.uniquindio.agenciaViajes.model.AgenciaViajes <init>
INFO: Se crea una nueva instancia de AgenciaViajes
nov. 05, 2023 6:43:32 P. M. co.edu.uniquindio.agenciaViajes.model.AgenciaViajes registrarCliente
INFO: Se ha registrado un nuevo cliente con la cédula: 476299
nov. 05, 2023 6:46:11 P. M. co.edu.uniquindio.agenciaViajes.model.AgenciaViajes <init>
INFO: Se crea una nueva instancia de AgenciaViajes
nov. 05, 2023 6:46:13 P. M. co.edu.uniquindio.agenciaViajes.model.AgenciaViajes registrarCliente
INFO: Se ha registrado un nuevo cliente con la cédula: 476299
nov. 05, 2023 9:11:10 P. M. co.edu.uniquindio.agenciaViajes.model.AgenciaViajes <init>
INFO: Se crea una nueva instancia de AgenciaViajes
nov. 05, 2023 9:11:21 P. M. co.edu.uniquindio.agenciaViajes.model.AgenciaViajes registrarCliente
INFO: Se ha registrado un nuevo cliente con la cédula: 476299
nov. 05, 2023 9:16:04 P. M. co.edu.uniquindio.agenciaViajes.model.AgenciaViajes <init>
INFO: Se crea una nueva instancia de AgenciaViajes
nov. 05, 2023 9:19:05 P. M. co.edu.uniquindio.agenciaViajes.model.AgenciaViajes <init>
INFO: Se crea una nueva instancia de AgenciaViajes
nov. 05, 2023 9:19:45 P. M. co.edu.uniquindio.agenciaViajes.model.AgenciaViajes <init>
INFO: Se crea una nueva instancia de AgenciaViajes
nov. 05, 2023 9:20:35 P. M. co.edu.uniquindio.agenciaViajes.model.AgenciaViajes <init>
INFO: Se crea una nueva instancia de AgenciaViajes
nov. 05, 2023 9:24:11 P. M. co.edu.uniquindio.agenciaViajes.model.AgenciaViajes <init>
INFO: Se crea una nueva instancia de AgenciaViajes
nov. 05, 2023 9:24:16 P. M. co.edu.uniquindio.agenciaViajes.model.AgenciaViajes registrarCliente
INFO: Se ha registrado un nuevo cliente con la cédula: 476299
nov. 05, 2023 9:33:04 P. M. co.edu.uniquindio.agenciaViajes.model.AgenciaViajes <init>
INFO: Se crea una nueva instancia de AgenciaViajes
nov. 06, 2023 3:26:51 A. M. co.edu.uniquindio.agenciaViajes.model.AgenciaViajes <init>
INFO: Se crea una nueva instancia de AgenciaViajes
nov. 06, 2023 11:36:36 A. M. co.edu.uniquindio.agenciaViajes.model.AgenciaViajes <init>
INFO: Se crea una nueva instancia de AgenciaViajes
nov. 06, 2023 11:36:52 A. M. co.edu.uniquindio.agenciaViajes.model.AgenciaViajes registrarCliente
INFO: Se ha registrado un nuevo cliente con la cédula: 476299
nov. 06, 2023 12:14:21 P. M. co.edu.uniquindio.agenciaViajes.model.AgenciaViajes <init>
INFO: Se crea una nueva instancia de AgenciaViajes
nov. 06, 2023 2:07:34 P. M. co.edu.uniquindio.agenciaViajes.model.AgenciaViajes <init>
INFO: Se crea una nueva instancia de AgenciaViajes
nov. 06, 2023 2:07:36 P. M. co.edu.uniquindio.agenciaViajes.model.AgenciaViajes registrarCliente
INFO: Se ha registrado un nuevo cliente con la cédula: 476299
nov. 06, 2023 6:23:21 P. M. co.edu.uniquindio.agenciaViajes.model.AgenciaViajes <init>
INFO: Se crea una nueva instancia de AgenciaViajes
nov. 06, 2023 6:27:25 P. M. co.edu.uniquindio.agenciaViajes.model.AgenciaViajes <init>
INFO: Se crea una nueva instancia de AgenciaViajes
nov. 06, 2023 6:29:34 P. M. co.edu.uniquindio.agenciaViajes.model.AgenciaViajes <init>
INFO: Se crea una nueva instancia de AgenciaViajes
nov. 06, 2023 6:30:08 P. M. co.edu.uniquindio.agenciaViajes.model.AgenciaViajes <init>
INFO: Se crea una nueva instancia de AgenciaViajes
nov. 06, 2023 6:30:59 P. M. co.edu.uniquindio.agenciaViajes.model.AgenciaViajes <init>
INFO: Se crea una nueva instancia de AgenciaViajes
nov. 06, 2023 6:32:09 P. M. co.edu.uniquindio.agenciaViajes.model.AgenciaViajes <init>
INFO: Se crea una nueva instancia de AgenciaViajes
nov. 06, 2023 6:34:37 P. M. co.edu.uniquindio.agenciaViajes.model.AgenciaViajes <init>
INFO: Se crea una nueva instancia de AgenciaViajes
nov. 06, 2023 6:36:32 P. M. co.edu.uniquindio.agenciaViajes.model.AgenciaViajes <init>
INFO: Se crea una nueva instancia de AgenciaViajes
nov. 06, 2023 6:39:08 P. M. co.edu.uniquindio.agenciaViajes.model.AgenciaViajes <init>
INFO: Se crea una nueva instancia de AgenciaViajes
nov. 06, 2023 6:41:48 P. M. co.edu.uniquindio.agenciaViajes.model.AgenciaViajes <init>
INFO: Se crea una nueva instancia de AgenciaViajes
nov. 06, 2023 6:42:41 P. M. co.edu.uniquindio.agenciaViajes.model.AgenciaViajes <init>
INFO: Se crea una nueva instancia de AgenciaViajes
nov. 06, 2023 6:48:09 P. M. co.edu.uniquindio.agenciaViajes.model.AgenciaViajes <init>
INFO: Se crea una nueva instancia de AgenciaViajes
nov. 06, 2023 6:49:03 P. M. co.edu.uniquindio.agenciaViajes.model.AgenciaViajes <init>
INFO: Se crea una nueva instancia de AgenciaViajes
nov. 06, 2023 6:54:50 P. M. co.edu.uniquindio.agenciaViajes.model.AgenciaViajes <init>
INFO: Se crea una nueva instancia de AgenciaViajes
nov. 06, 2023 7:31:32 P. M. co.edu.uniquindio.agenciaViajes.model.AgenciaViajes <init>
INFO: Se crea una nueva instancia de AgenciaViajes
nov. 06, 2023 7:33:41 P. M. co.edu.uniquindio.agenciaViajes.model.AgenciaViajes <init>
INFO: Se crea una nueva instancia de AgenciaViajes
nov. 06, 2023 7:39:40 P. M. co.edu.uniquindio.agenciaViajes.model.AgenciaViajes <init>
INFO: Se crea una nueva instancia de AgenciaViajes
nov. 06, 2023 7:40:35 P. M. co.edu.uniquindio.agenciaViajes.model.AgenciaViajes <init>
INFO: Se crea una nueva instancia de AgenciaViajes
nov. 06, 2023 7:41:23 P. M. co.edu.uniquindio.agenciaViajes.model.AgenciaViajes <init>
INFO: Se crea una nueva instancia de AgenciaViajes
nov. 06, 2023 8:07:40 P. M. co.edu.uniquindio.agenciaViajes.model.AgenciaViajes <init>
INFO: Se crea una nueva instancia de AgenciaViajes
nov. 06, 2023 8:08:21 P. M. co.edu.uniquindio.agenciaViajes.model.AgenciaViajes <init>
INFO: Se crea una nueva instancia de AgenciaViajes
nov. 06, 2023 8:09:21 P. M. co.edu.uniquindio.agenciaViajes.model.AgenciaViajes <init>
INFO: Se crea una nueva instancia de AgenciaViajes
nov. 06, 2023 8:10:36 P. M. co.edu.uniquindio.agenciaViajes.model.AgenciaViajes <init>
INFO: Se crea una nueva instancia de AgenciaViajes
nov. 06, 2023 8:31:19 P. M. co.edu.uniquindio.agenciaViajes.model.AgenciaViajes <init>
INFO: Se crea una nueva instancia de AgenciaViajes
nov. 06, 2023 8:31:47 P. M. co.edu.uniquindio.agenciaViajes.model.AgenciaViajes <init>
INFO: Se crea una nueva instancia de AgenciaViajes
nov. 06, 2023 8:37:01 P. M. co.edu.uniquindio.agenciaViajes.model.AgenciaViajes <init>
INFO: Se crea una nueva instancia de AgenciaViajes
nov. 06, 2023 8:42:42 P. M. co.edu.uniquindio.agenciaViajes.model.AgenciaViajes <init>
INFO: Se crea una nueva instancia de AgenciaViajes
nov. 06, 2023 8:43:26 P. M. co.edu.uniquindio.agenciaViajes.model.AgenciaViajes <init>
INFO: Se crea una nueva instancia de AgenciaViajes
nov. 06, 2023 8:44:07 P. M. co.edu.uniquindio.agenciaViajes.model.AgenciaViajes <init>
INFO: Se crea una nueva instancia de AgenciaViajes
nov. 06, 2023 8:47:30 P. M. co.edu.uniquindio.agenciaViajes.model.AgenciaViajes <init>
INFO: Se crea una nueva instancia de AgenciaViajes
nov. 06, 2023 9:13:31 P. M. co.edu.uniquindio.agenciaViajes.model.AgenciaViajes <init>
INFO: Se crea una nueva instancia de AgenciaViajes
nov. 06, 2023 9:19:02 P. M. co.edu.uniquindio.agenciaViajes.model.AgenciaViajes <init>
INFO: Se crea una nueva instancia de AgenciaViajes
nov. 06, 2023 9:39:27 P. M. co.edu.uniquindio.agenciaViajes.model.AgenciaViajes <init>
INFO: Se crea una nueva instancia de AgenciaViajes
nov. 06, 2023 10:17:24 P. M. co.edu.uniquindio.agenciaViajes.model.AgenciaViajes <init>
INFO: Se crea una nueva instancia de AgenciaViajes
nov. 06, 2023 10:18:42 P. M. co.edu.uniquindio.agenciaViajes.model.AgenciaViajes <init>
INFO: Se crea una nueva instancia de AgenciaViajes
nov. 07, 2023 3:59:14 P. M. co.edu.uniquindio.agenciaViajes.model.AgenciaViajes <init>
INFO: Se crea una nueva instancia de AgenciaViajes
nov. 07, 2023 11:07:11 P. M. co.edu.uniquindio.agenciaViajes.model.AgenciaViajes <init>
INFO: Se crea una nueva instancia de AgenciaViajes
nov. 07, 2023 11:15:24 P. M. co.edu.uniquindio.agenciaViajes.model.AgenciaViajes <init>
INFO: Se crea una nueva instancia de AgenciaViajes
nov. 08, 2023 1:21:30 A. M. co.edu.uniquindio.agenciaViajes.model.AgenciaViajes <init>
INFO: Se crea una nueva instancia de AgenciaViajes
nov. 08, 2023 5:19:00 P. M. co.edu.uniquindio.agenciaViajes.model.AgenciaViajes <init>
INFO: Se crea una nueva instancia de AgenciaViajes
nov. 08, 2023 5:19:13 P. M. co.edu.uniquindio.agenciaViajes.model.AgenciaViajes registrarCliente
INFO: Se ha registrado un nuevo cliente con la cédula: 476299
nov. 08, 2023 5:21:39 P. M. co.edu.uniquindio.agenciaViajes.model.AgenciaViajes <init>
INFO: Se crea una nueva instancia de AgenciaViajes
nov. 08, 2023 10:11:27 P. M. co.edu.uniquindio.agenciaViajes.model.AgenciaViajes <init>
INFO: Se crea una nueva instancia de AgenciaViajes
nov. 08, 2023 10:12:14 P. M. co.edu.uniquindio.agenciaViajes.model.AgenciaViajes <init>
INFO: Se crea una nueva instancia de AgenciaViajes
nov. 08, 2023 10:12:55 P. M. co.edu.uniquindio.agenciaViajes.model.AgenciaViajes registrarCliente
INFO: Se ha registrado un nuevo cliente con la cédula: 476299
nov. 08, 2023 10:41:33 P. M. co.edu.uniquindio.agenciaViajes.model.AgenciaViajes <init>
INFO: Se crea una nueva instancia de AgenciaViajes
nov. 08, 2023 10:42:36 P. M. co.edu.uniquindio.agenciaViajes.model.AgenciaViajes registrarCliente
INFO: Se ha registrado un nuevo cliente con la cédula: 476299
